
    Provides Bioinformatics software.
    For more information please use:

        $ module help Bioinformatics


use model 'sup'
reading reads from testdata/pod5/
use testdata/basecall as output directory
output file: testdata/basecall/basecall_duplex.bam
run in duplex mode
[2024-04-17 14:52:34.184] [info] > No duplex pairs file provided, pairing will be performed automatically
[2024-04-17 14:52:34.335] [warning] Unknown certs location for current distribution. If you hit download issues, use the envvar `SSL_CERT_FILE` to specify the location manually.
[2024-04-17 14:52:34.358] [info]  - downloading dna_r10.4.1_e8.2_400bps_sup@v4.3.0 with httplib
[2024-04-17 14:53:54.539] [error] Failed to download dna_r10.4.1_e8.2_400bps_sup@v4.3.0: Connection timed out
[2024-04-17 14:53:54.539] [info]  - downloading dna_r10.4.1_e8.2_400bps_sup@v4.3.0 with curl
  % Total    % Received % Xferd  Average Speed   Time    Time     Time  Current
                                 Dload  Upload   Total   Spent    Left  Speed
  0     0    0     0    0     0      0      0 --:--:-- --:--:-- --:--:--     0 89  105M   89 95.0M    0     0   102M      0  0:00:01 --:--:--  0:00:01  102M100  105M  100  105M    0     0   103M      0  0:00:01  0:00:01 --:--:--  103M
[2024-04-17 14:53:57.710] [warning] Unknown certs location for current distribution. If you hit download issues, use the envvar `SSL_CERT_FILE` to specify the location manually.
[2024-04-17 14:53:57.710] [info]  - downloading dna_r10.4.1_e8.2_5khz_stereo@v1.2 with httplib
[2024-04-17 14:55:17.831] [error] Failed to download dna_r10.4.1_e8.2_5khz_stereo@v1.2: Connection timed out
[2024-04-17 14:55:17.831] [info]  - downloading dna_r10.4.1_e8.2_5khz_stereo@v1.2 with curl
  % Total    % Received % Xferd  Average Speed   Time    Time     Time  Current
                                 Dload  Upload   Total   Spent    Left  Speed
  0     0    0     0    0     0      0      0 --:--:-- --:--:-- --:--:--     0100 14.7M  100 14.7M    0     0  67.5M      0 --:--:-- --:--:-- --:--:-- 67.5M
[2024-04-17 14:55:24.219] [info]  - set batch size for cuda:0 to 320
[2024-04-17 14:55:26.041] [info]  - set batch size for cuda:0 to 832
[2024-04-17 14:55:26.042] [info] > Starting Stereo Duplex pipeline
[2024-04-17 14:55:26.094] [info] > Reading read channel info
[2024-04-17 14:55:26.096] [info] > Processed read channel info
[2024-04-17 14:55:44.375] [info] > Simplex reads basecalled: 1000
[2024-04-17 14:55:44.375] [info] > Duplex reads basecalled: 234
[2024-04-17 14:55:44.384] [info] > Duplex rate: 46.64291%
[2024-04-17 14:55:44.384] [info] > Basecalled @ Bases/s: 2.665521e+04
