
    Provides Bioinformatics software.
    For more information please use:

        $ module help Bioinformatics


use model 'sup'
reading reads from testdata/pod5/
use testdata/basecall as output directory
output file: testdata/basecall/basecall.bam
run in simplex mode
[2024-04-17 14:50:34.822] [warning] Unknown certs location for current distribution. If you hit download issues, use the envvar `SSL_CERT_FILE` to specify the location manually.
[2024-04-17 14:50:34.828] [info]  - downloading dna_r10.4.1_e8.2_400bps_sup@v4.3.0 with httplib
[2024-04-17 14:51:55.072] [error] Failed to download dna_r10.4.1_e8.2_400bps_sup@v4.3.0: Connection timed out
[2024-04-17 14:51:55.072] [info]  - downloading dna_r10.4.1_e8.2_400bps_sup@v4.3.0 with curl
  % Total    % Received % Xferd  Average Speed   Time    Time     Time  Current
                                 Dload  Upload   Total   Spent    Left  Speed
  0     0    0     0    0     0      0      0 --:--:-- --:--:-- --:--:--     0  5  105M    5 6486k    0     0  33.5M      0  0:00:03 --:--:--  0:00:03 33.3M100  105M  100  105M    0     0  98.1M      0  0:00:01  0:00:01 --:--:-- 98.1M
[2024-04-17 14:51:57.904] [info] > Creating basecall pipeline
[2024-04-17 14:52:02.266] [info]  - set batch size for cuda:0 to 576
[2024-04-17 14:52:16.121] [info] > Simplex reads basecalled: 1000
[2024-04-17 14:52:16.121] [info] > Basecalled @ Samples/s: 3.417419e+06
[2024-04-17 14:52:16.146] [info] > Finished
